<?xml version="1.0" encoding="UTF-8"?>
<!-- Generated by org.testng.reporters.JUnitReportReporter -->
<testsuite skipped="0" hostname="LAPTOP-06OKJ4FN" name="firstPackage.Grouping" tests="4" failures="0" timestamp="05 Dec 2019 14:50:21 GMT" time="0.026" errors="0">
  <testcase name="sendKeys" time="0.000" classname="firstPackage.Grouping"/>
  <testcase name="logout" time="0.015" classname="firstPackage.Grouping"/>
  <testcase name="dbConnect" time="0.000" classname="firstPackage.Grouping"/>
  <testcase name="dataCollection" time="0.011" classname="firstPackage.Grouping"/>
</testsuite> <!-- firstPackage.Grouping -->
