<?xml version="1.0" encoding="UTF-8"?>
<!-- Generated by org.testng.reporters.JUnitReportReporter -->
<testsuite skipped="0" hostname="LAPTOP-06OKJ4FN" name="firstPackage.LoginTestAmazon" tests="1" failures="0" timestamp="03 Nov 2019 17:07:04 GMT" time="0.017" errors="0">
  <testcase name="LoginAmazon" time="0.017" classname="firstPackage.LoginTestAmazon"/>
</testsuite> <!-- firstPackage.LoginTestAmazon -->
