<?xml version="1.0" encoding="UTF-8"?>
<!-- Generated by org.testng.reporters.JUnitReportReporter -->
<testsuite skipped="0" hostname="LAPTOP-06OKJ4FN" name="thirdPackage.SampleTest3" tests="1" failures="0" timestamp="06 Nov 2019 06:46:13 GMT" time="23.061" errors="0">
  <testcase name="sample3" time="23.061" classname="thirdPackage.SampleTest3"/>
</testsuite> <!-- thirdPackage.SampleTest3 -->
