<?xml version="1.0" encoding="UTF-8"?>
<!-- Generated by org.testng.reporters.JUnitReportReporter -->
<testsuite skipped="0" hostname="LAPTOP-06OKJ4FN" name="firstPackage.TestNGAssertions" tests="2" failures="0" timestamp="05 Dec 2019 15:01:39 GMT" time="0.015" errors="0">
  <testcase name="test1" time="0.015" classname="firstPackage.TestNGAssertions"/>
  <testcase name="test2" time="0.000" classname="firstPackage.TestNGAssertions"/>
</testsuite> <!-- firstPackage.TestNGAssertions -->
