<?xml version="1.0" encoding="UTF-8"?>
<!-- Generated by org.testng.reporters.JUnitReportReporter -->
<testsuite skipped="1" hostname="LAPTOP-06OKJ4FN" name="trialPackage.Tests" tests="2" failures="0" timestamp="04 Nov 2019 11:01:25 GMT" time="0.013" errors="0">
  <testcase name="test99" time="0.013" classname="trialPackage.Tests"/>
  <testcase name="test6" classname="trialPackage.Tests">
    <skipped/>
  </testcase> <!-- test6 -->
</testsuite> <!-- trialPackage.Tests -->
