<?xml version="1.0" encoding="UTF-8"?>
<!-- Generated by org.testng.reporters.JUnitReportReporter -->
<testsuite skipped="0" hostname="LAPTOP-06OKJ4FN" name="firstPackage.AlltheAnnotaions" tests="2" failures="0" timestamp="03 Nov 2019 16:57:32 GMT" time="0.013" errors="0">
  <testcase name="LaptopSearch" time="0.011" classname="firstPackage.AlltheAnnotaions"/>
  <testcase name="mobileSearch" time="0.002" classname="firstPackage.AlltheAnnotaions"/>
</testsuite> <!-- firstPackage.AlltheAnnotaions -->
