<?xml version="1.0" encoding="UTF-8"?>
<!-- Generated by org.testng.reporters.JUnitReportReporter -->
<testsuite skipped="0" hostname="LAPTOP-06OKJ4FN" name="firstPackage.InvocationCountConcept" tests="5" failures="0" timestamp="03 Nov 2019 17:06:49 GMT" time="0.028" errors="0">
  <testcase name="mobileSearch" time="0.001" classname="firstPackage.InvocationCountConcept"/>
  <testcase name="mobileSearch" time="0.000" classname="firstPackage.InvocationCountConcept"/>
  <testcase name="login" time="0.025" classname="firstPackage.InvocationCountConcept"/>
  <testcase name="mobileSearch" time="0.002" classname="firstPackage.InvocationCountConcept"/>
  <testcase name="mobileSearch" time="0.000" classname="firstPackage.InvocationCountConcept"/>
</testsuite> <!-- firstPackage.InvocationCountConcept -->
