<?xml version="1.0" encoding="UTF-8"?>
<!-- Generated by org.testng.reporters.JUnitReportReporter -->
<testsuite skipped="0" hostname="LAPTOP-06OKJ4FN" name="firstPackage.Dependancy" tests="4" failures="0" timestamp="03 Dec 2019 16:26:55 GMT" time="0.010" errors="0">
  <testcase name="login" time="0.002" classname="firstPackage.Dependancy"/>
  <testcase name="alogout" time="0.002" classname="firstPackage.Dependancy"/>
  <testcase name="enterUrl" time="0.003" classname="firstPackage.Dependancy"/>
  <testcase name="mobilesearch" time="0.003" classname="firstPackage.Dependancy"/>
</testsuite> <!-- firstPackage.Dependancy -->
