<?xml version="1.0" encoding="UTF-8"?>
<!-- Generated by org.testng.reporters.JUnitReportReporter -->
<testsuite skipped="0" hostname="LAPTOP-06OKJ4FN" name="firstPackage.IgnoreTest" tests="4" failures="0" timestamp="03 Nov 2019 17:01:39 GMT" time="0.020" errors="0">
  <testcase name="amobileSearch" time="0.014" classname="firstPackage.IgnoreTest"/>
  <testcase name="login" time="0.002" classname="firstPackage.IgnoreTest"/>
  <testcase name="enterUrl" time="0.003" classname="firstPackage.IgnoreTest"/>
  <testcase name="logout" time="0.001" classname="firstPackage.IgnoreTest"/>
</testsuite> <!-- firstPackage.IgnoreTest -->
