<?xml version="1.0" encoding="UTF-8"?>
<!-- Generated by org.testng.reporters.JUnitReportReporter -->
<testsuite skipped="0" hostname="LAPTOP-06OKJ4FN" name="firstPackage.ExceptionTest" tests="2" failures="0" timestamp="03 Nov 2019 17:01:03 GMT" time="0.020" errors="0">
  <testcase name="Null" time="0.017" classname="firstPackage.ExceptionTest"/>
  <testcase name="arithmeticCalculation" time="0.003" classname="firstPackage.ExceptionTest"/>
</testsuite> <!-- firstPackage.ExceptionTest -->
