<?xml version="1.0" encoding="UTF-8"?>
<!-- Generated by org.testng.reporters.JUnitReportReporter -->
<testsuite skipped="0" hostname="LAPTOP-06OKJ4FN" name="thirdPackage.DragAndDrop" tests="1" failures="0" timestamp="29 Nov 2019 05:31:59 GMT" time="40.904" errors="0">
  <testcase name="sample3" time="40.904" classname="thirdPackage.DragAndDrop"/>
</testsuite> <!-- thirdPackage.DragAndDrop -->
