<?xml version="1.0" encoding="UTF-8"?>
<!-- Generated by org.testng.reporters.JUnitReportReporter -->
<testsuite skipped="0" hostname="LAPTOP-06OKJ4FN" name="firstPackage.A" tests="2" failures="0" timestamp="06 Nov 2019 05:30:12 GMT" time="0.023" errors="0">
  <testcase name="test1" time="0.021" classname="firstPackage.A"/>
  <testcase name="test2" time="0.002" classname="firstPackage.A"/>
</testsuite> <!-- firstPackage.A -->
