<?xml version="1.0" encoding="UTF-8"?>
<!-- Generated by org.testng.reporters.JUnitReportReporter -->
<testsuite skipped="0" hostname="LAPTOP-06OKJ4FN" name="firstPackage.B" tests="2" failures="0" timestamp="03 Dec 2019 16:26:55 GMT" time="0.003" errors="0">
  <testcase name="testB2" time="0.001" classname="firstPackage.B"/>
  <testcase name="testB1" time="0.002" classname="firstPackage.B"/>
</testsuite> <!-- firstPackage.B -->
