<?xml version="1.0" encoding="UTF-8"?>
<!-- Generated by org.testng.reporters.JUnitReportReporter -->
<testsuite skipped="0" hostname="LAPTOP-06OKJ4FN" name="firstPackage.ParameterizedTest" tests="1" failures="0" timestamp="05 Dec 2019 14:29:56 GMT" time="0.015" errors="0">
  <testcase name="crdential" time="0.015" classname="firstPackage.ParameterizedTest"/>
</testsuite> <!-- firstPackage.ParameterizedTest -->
