<?xml version="1.0" encoding="UTF-8"?>
<!-- Generated by org.testng.reporters.JUnitReportReporter -->
<testsuite skipped="0" hostname="LAPTOP-06OKJ4FN" name="secondPackage.SampleTest1" tests="2" failures="0" timestamp="05 Dec 2019 14:45:37 GMT" time="0.016" errors="0">
  <testcase name="zdatas" time="0.000" classname="secondPackage.SampleTest1"/>
  <testcase name="sample1" time="0.016" classname="secondPackage.SampleTest1"/>
</testsuite> <!-- secondPackage.SampleTest1 -->
