<?xml version="1.0" encoding="UTF-8"?>
<!-- Generated by org.testng.reporters.JUnitReportReporter -->
<testsuite skipped="1" hostname="LAPTOP-06OKJ4FN" name="trialPackage.TrialClass" tests="11" failures="0" timestamp="04 Nov 2019 07:31:40 GMT" time="0.080" errors="0">
  <testcase name="test1" time="0.020" classname="trialPackage.TrialClass"/>
  <testcase name="test4" time="0.006" classname="trialPackage.TrialClass"/>
  <testcase name="test7" time="0.002" classname="trialPackage.TrialClass"/>
  <testcase name="test5" time="0.015" classname="trialPackage.TrialClass"/>
  <testcase name="test9" time="0.017" classname="trialPackage.TrialClass"/>
  <testcase name="test2" time="0.001" classname="trialPackage.TrialClass"/>
  <testcase name="test3" time="0.007" classname="trialPackage.TrialClass"/>
  <testcase name="test3" time="0.005" classname="trialPackage.TrialClass"/>
  <testcase name="test99" time="0.004" classname="trialPackage.TrialClass"/>
  <testcase name="test8" time="0.003" classname="trialPackage.TrialClass"/>
  <testcase name="test6" classname="trialPackage.TrialClass">
    <skipped/>
  </testcase> <!-- test6 -->
</testsuite> <!-- trialPackage.TrialClass -->
