<?xml version="1.0" encoding="UTF-8"?>
<!-- Generated by org.testng.reporters.JUnitReportReporter -->
<testsuite skipped="0" hostname="LAPTOP-06OKJ4FN" name="firstPackage.LoginTestFlipcart" tests="1" failures="0" timestamp="03 Dec 2019 16:26:55 GMT" time="0.015" errors="0">
  <testcase name="loginFlipcart" time="0.015" classname="firstPackage.LoginTestFlipcart"/>
</testsuite> <!-- firstPackage.LoginTestFlipcart -->
